<?xml version="1.0" encoding="UTF-8"?>
<!-- Generated by org.testng.reporters.JUnitReportReporter -->
<testsuite skipped="0" hostname="Sofiya-PC" name="com.inetBanking.testCases.TC_AddCustomerTest_003" tests="1" failures="0" timestamp="2020-04-06T13:52:28 IST" time="15.189" errors="0">
  <testcase name="addNewCustomer" time="15.189" classname="com.inetBanking.testCases.TC_AddCustomerTest_003"/>
  <system-out/>
</testsuite> <!-- com.inetBanking.testCases.TC_AddCustomerTest_003 -->
