<?xml version="1.0" encoding="UTF-8"?>
<!-- Generated by org.testng.reporters.JUnitReportReporter -->
<testsuite skipped="0" hostname="Sofiya-PC" name="com.inetBanking.testCases.TC_LoginTest_001" tests="1" failures="0" timestamp="2020-04-06T13:52:28 IST" time="5.884" errors="0">
  <testcase name="loginTest" time="5.884" classname="com.inetBanking.testCases.TC_LoginTest_001"/>
  <system-out/>
</testsuite> <!-- com.inetBanking.testCases.TC_LoginTest_001 -->
